Responder: redis_io_responder_b499aa7a | Socket: ('127.0.0.1', 35500) | Host: curwen:52020
Remote ('127.0.0.1', 35500) subscribed to b'/queue/redis_io_services'
Requestor: redis_io_requestor_f0dd78b3 | Socket: ('127.0.0.1', 35502) | Host: curwen:52020
Remote ('127.0.0.1', 35502) subscribed to b'/null'
Sending to b'/queue/redis_io_services': b'Msg 0 from redis_io'...
Received by redis_io_responder_b499aa7a: b'Msg 0 from redis_io_'
Sending to b'/queue/redis_io_services': b'Msg 1 from redis_io'...
Received by redis_io_responder_b499aa7a: b'Msg 1 from redis_io_'
Sending to b'/queue/redis_io_services': b'Msg 2 from redis_io'...
Received by redis_io_responder_b499aa7a: b'Msg 2 from redis_io_'
Sending to b'/queue/redis_io_services': b'Msg 3 from redis_io'...
Received by redis_io_responder_b499aa7a: b'Msg 3 from redis_io_'
Sending to b'/queue/redis_io_services': b'Msg 4 from redis_io'...
Received by redis_io_responder_b499aa7a: b'Msg 4 from redis_io_'
Sending to b'/queue/redis_io_services': b'Msg 5 from redis_io'...
Received by redis_io_responder_b499aa7a: b'Msg 5 from redis_io_'
Sending to b'/queue/redis_io_services': b'Msg 6 from redis_io'...
Received by redis_io_responder_b499aa7a: b'Msg 6 from redis_io_'
Sending to b'/queue/redis_io_services': b'Msg 7 from redis_io'...
Received by redis_io_responder_b499aa7a: b'Msg 7 from redis_io_'
Sending to b'/queue/redis_io_services': b'Msg 8 from redis_io'...
Received by redis_io_responder_b499aa7a: b'Msg 8 from redis_io_'
Sending to b'/queue/redis_io_services': b'Msg 9 from redis_io'...
Received by redis_io_responder_b499aa7a: b'Msg 9 from redis_io_'
Sending to b'/queue/redis_io_services': b'Msg 10 from redis_i'...
Received by redis_io_responder_b499aa7a: b'Msg 10 from redis_io'
Sending to b'/queue/redis_io_services': b'Msg 11 from redis_i'...
Received by redis_io_responder_b499aa7a: b'Msg 11 from redis_io'
Sending to b'/queue/redis_io_services': b'Msg 12 from redis_i'...
Received by redis_io_responder_b499aa7a: b'Msg 12 from redis_io'
Sending to b'/queue/redis_io_services': b'Msg 13 from redis_i'...
Received by redis_io_responder_b499aa7a: b'Msg 13 from redis_io'
Sending to b'/queue/redis_io_services': b'Msg 14 from redis_i'...
Received by redis_io_responder_b499aa7a: b'Msg 14 from redis_io'
Sending to b'/queue/redis_io_services': b'Msg 15 from redis_i'...
Received by redis_io_responder_b499aa7a: b'Msg 15 from redis_io'
Sending to b'/queue/redis_io_services': b'Msg 16 from redis_i'...
Received by redis_io_responder_b499aa7a: b'Msg 16 from redis_io'
Sending to b'/queue/redis_io_services': b'Msg 17 from redis_i'...
Received by redis_io_responder_b499aa7a: b'Msg 17 from redis_io'
Sending to b'/queue/redis_io_services': b'Msg 18 from redis_i'...
Received by redis_io_responder_b499aa7a: b'Msg 18 from redis_io'
Sending to b'/queue/redis_io_services': b'Msg 19 from redis_i'...
Received by redis_io_responder_b499aa7a: b'Msg 19 from redis_io'
Sending to b'/queue/redis_io_services': b'Msg 20 from redis_i'...
Received by redis_io_responder_b499aa7a: b'Msg 20 from redis_io'
Sending to b'/queue/redis_io_services': b'Msg 21 from redis_i'...
Received by redis_io_responder_b499aa7a: b'Msg 21 from redis_io'
Server closed.
Connection ended.
('data sent to bow_serde: ',
 {'fields': {'channel': 'redis_io',
             'namespace': 'net.genuinemerit.schema',
             'plan_ty': 'remove',
             'service_ty': 'request',
             'store': 'redis',
             'topic': 'ontology_file'},
  'name': 'redis.schema.put.request',
  'namespace': 'net.genuinemerit.schema',
  'type': 'record'})
('js version of msg: ',
 '{"type": "record", "name": "redis.schema.put.request", "namespace": '
 '"net.genuinemerit.schema", "fields": {"namespace": '
 '"net.genuinemerit.schema", "store": "redis", "channel": "redis_io", "topic": '
 '"ontology_file", "plan_ty": "remove", "service_ty": "request"}}')
Connection ended.
Responder: redis_io_responder_a4536687 | Socket: ('127.0.0.1', 35504) | Host: curwen:52020
Remote ('127.0.0.1', 35504) subscribed to b'/queue/redis_io_services'
Requestor: redis_io_requestor_b0810733 | Socket: ('127.0.0.1', 35506) | Host: curwen:52020
Remote ('127.0.0.1', 35506) subscribed to b'/null'
Sending to b'/queue/redis_io_services': b'Msg 0 from redis_io'...
Received by redis_io_responder_a4536687: b'Msg 0 from redis_io_'
Sending to b'/queue/redis_io_services': b'Msg 1 from redis_io'...
Received by redis_io_responder_a4536687: b'Msg 1 from redis_io_'
Sending to b'/queue/redis_io_services': b'Msg 2 from redis_io'...
Received by redis_io_responder_a4536687: b'Msg 2 from redis_io_'
Sending to b'/queue/redis_io_services': b'Msg 3 from redis_io'...
Received by redis_io_responder_a4536687: b'Msg 3 from redis_io_'
Sending to b'/queue/redis_io_services': b'Msg 4 from redis_io'...
Received by redis_io_responder_a4536687: b'Msg 4 from redis_io_'
Sending to b'/queue/redis_io_services': b'Msg 5 from redis_io'...
Received by redis_io_responder_a4536687: b'Msg 5 from redis_io_'
Sending to b'/queue/redis_io_services': b'Msg 6 from redis_io'...
Received by redis_io_responder_a4536687: b'Msg 6 from redis_io_'
Sending to b'/queue/redis_io_services': b'Msg 7 from redis_io'...
Received by redis_io_responder_a4536687: b'Msg 7 from redis_io_'
Sending to b'/queue/redis_io_services': b'Msg 8 from redis_io'...
Received by redis_io_responder_a4536687: b'Msg 8 from redis_io_'
Server closed.
Connection ended.
('data sent to bow_serde: ',
 {'fields': {'channel': 'redis_io',
             'namespace': 'net.genuinemerit.schema',
             'plan_ty': 'get',
             'service_ty': 'subscribe',
             'store': 'redis',
             'topic': 'ontology_file'},
  'name': 'redis.schema.put.request',
  'namespace': 'net.genuinemerit.schema',
  'type': 'record'})
('js version of msg: ',
 '{"type": "record", "name": "redis.schema.put.request", "namespace": '
 '"net.genuinemerit.schema", "fields": {"namespace": '
 '"net.genuinemerit.schema", "store": "redis", "channel": "redis_io", "topic": '
 '"ontology_file", "plan_ty": "get", "service_ty": "subscribe"}}')
Connection ended.
Responder: redis_io_responder_5b998099 | Socket: ('127.0.0.1', 35508) | Host: curwen:52020
Remote ('127.0.0.1', 35508) subscribed to b'/queue/redis_io_services'
Requestor: redis_io_requestor_46075cf0 | Socket: ('127.0.0.1', 35510) | Host: curwen:52020
Remote ('127.0.0.1', 35510) subscribed to b'/null'
Sending to b'/queue/redis_io_services': b'Msg 0 from redis_io'...
Received by redis_io_responder_5b998099: b'Msg 0 from redis_io_'
Sending to b'/queue/redis_io_services': b'Msg 1 from redis_io'...
Received by redis_io_responder_5b998099: b'Msg 1 from redis_io_'
Sending to b'/queue/redis_io_services': b'Msg 2 from redis_io'...
Received by redis_io_responder_5b998099: b'Msg 2 from redis_io_'
Sending to b'/queue/redis_io_services': b'Msg 3 from redis_io'...
Received by redis_io_responder_5b998099: b'Msg 3 from redis_io_'
Sending to b'/queue/redis_io_services': b'Msg 4 from redis_io'...
Received by redis_io_responder_5b998099: b'Msg 4 from redis_io_'
Sending to b'/queue/redis_io_services': b'Msg 5 from redis_io'...
Received by redis_io_responder_5b998099: b'Msg 5 from redis_io_'
Sending to b'/queue/redis_io_services': b'Msg 6 from redis_io'...
Received by redis_io_responder_5b998099: b'Msg 6 from redis_io_'
Sending to b'/queue/redis_io_services': b'Msg 7 from redis_io'...
Received by redis_io_responder_5b998099: b'Msg 7 from redis_io_'
Sending to b'/queue/redis_io_services': b'Msg 8 from redis_io'...
Received by redis_io_responder_5b998099: b'Msg 8 from redis_io_'
Sending to b'/queue/redis_io_services': b'Msg 9 from redis_io'...
Received by redis_io_responder_5b998099: b'Msg 9 from redis_io_'
Sending to b'/queue/redis_io_services': b'Msg 10 from redis_i'...
Received by redis_io_responder_5b998099: b'Msg 10 from redis_io'
Responder: redis_io_responder_bfd9bff2 | Socket: ('127.0.0.1', 35512) | Host: curwen:52020
Remote ('127.0.0.1', 35512) subscribed to b'/queue/redis_io_services'
Requestor: redis_io_requestor_274fb8dd | Socket: ('127.0.0.1', 35514) | Host: curwen:52020
Remote ('127.0.0.1', 35514) subscribed to b'/null'
Traceback (most recent call last):
  File "/home/dave/Dropbox/Apps/BoW/bow-data-schema/BowDataSchema/redis_server.py", line 62, in <module>
    asyncio.run(main(server, host='curwen', port=52020))
  File "/usr/lib/python3.9/asyncio/runners.py", line 44, in run
    return loop.run_until_complete(main)
  File "/usr/lib/python3.9/asyncio/base_events.py", line 642, in run_until_complete
    return future.result()
  File "/home/dave/Dropbox/Apps/BoW/bow-data-schema/BowDataSchema/redis_server.py", line 57, in main
    server = await asyncio.start_server(*args, **kwargs)
  File "/usr/lib/python3.9/asyncio/streams.py", line 94, in start_server
    return await loop.create_server(factory, host, port, **kwds)
  File "/usr/lib/python3.9/asyncio/base_events.py", line 1494, in create_server
    raise OSError(err.errno, 'error while attempting '
OSError: [Errno 98] error while attempting to bind on address ('127.0.1.1', 52020): address already in use
Sending to b'/queue/redis_io_services': b'Msg 11 from redis_i'...
Received by redis_io_responder_bfd9bff2: b'Msg 11 from redis_io'
Sending to b'/queue/redis_io_services': b'Msg 0 from redis_io'...
Received by redis_io_responder_5b998099: b'Msg 0 from redis_io_'
Sending to b'/queue/redis_io_services': b'Msg 12 from redis_i'...
Received by redis_io_responder_bfd9bff2: b'Msg 12 from redis_io'
Sending to b'/queue/redis_io_services': b'Msg 1 from redis_io'...
Received by redis_io_responder_5b998099: b'Msg 1 from redis_io_'
Sending to b'/queue/redis_io_services': b'Msg 13 from redis_i'...
Received by redis_io_responder_bfd9bff2: b'Msg 13 from redis_io'
Sending to b'/queue/redis_io_services': b'Msg 2 from redis_io'...
Received by redis_io_responder_5b998099: b'Msg 2 from redis_io_'
Sending to b'/queue/redis_io_services': b'Msg 14 from redis_i'...
Received by redis_io_responder_bfd9bff2: b'Msg 14 from redis_io'
Sending to b'/queue/redis_io_services': b'Msg 3 from redis_io'...
Received by redis_io_responder_5b998099: b'Msg 3 from redis_io_'
Sending to b'/queue/redis_io_services': b'Msg 15 from redis_i'...
Received by redis_io_responder_bfd9bff2: b'Msg 15 from redis_io'
Sending to b'/queue/redis_io_services': b'Msg 4 from redis_io'...
Received by redis_io_responder_5b998099: b'Msg 4 from redis_io_'
Sending to b'/queue/redis_io_services': b'Msg 16 from redis_i'...
Received by redis_io_responder_bfd9bff2: b'Msg 16 from redis_io'
Sending to b'/queue/redis_io_services': b'Msg 5 from redis_io'...
Received by redis_io_responder_5b998099: b'Msg 5 from redis_io_'
Sending to b'/queue/redis_io_services': b'Msg 17 from redis_i'...
Received by redis_io_responder_bfd9bff2: b'Msg 17 from redis_io'
Sending to b'/queue/redis_io_services': b'Msg 6 from redis_io'...
Received by redis_io_responder_5b998099: b'Msg 6 from redis_io_'
Sending to b'/queue/redis_io_services': b'Msg 18 from redis_i'...
Received by redis_io_responder_bfd9bff2: b'Msg 18 from redis_io'
Sending to b'/queue/redis_io_services': b'Msg 7 from redis_io'...
Received by redis_io_responder_5b998099: b'Msg 7 from redis_io_'
Sending to b'/queue/redis_io_services': b'Msg 19 from redis_i'...
Received by redis_io_responder_bfd9bff2: b'Msg 19 from redis_io'
Sending to b'/queue/redis_io_services': b'Msg 8 from redis_io'...
Received by redis_io_responder_5b998099: b'Msg 8 from redis_io_'
Sending to b'/queue/redis_io_services': b'Msg 20 from redis_i'...
Received by redis_io_responder_bfd9bff2: b'Msg 20 from redis_io'
Sending to b'/queue/redis_io_services': b'Msg 9 from redis_io'...
Received by redis_io_responder_5b998099: b'Msg 9 from redis_io_'
Sending to b'/queue/redis_io_services': b'Msg 21 from redis_i'...
Received by redis_io_responder_bfd9bff2: b'Msg 21 from redis_io'
Sending to b'/queue/redis_io_services': b'Msg 10 from redis_i'...
Received by redis_io_responder_5b998099: b'Msg 10 from redis_io'
Sending to b'/queue/redis_io_services': b'Msg 22 from redis_i'...
Received by redis_io_responder_bfd9bff2: b'Msg 22 from redis_io'
Sending to b'/queue/redis_io_services': b'Msg 11 from redis_i'...
Received by redis_io_responder_5b998099: b'Msg 11 from redis_io'
Sending to b'/queue/redis_io_services': b'Msg 23 from redis_i'...
Received by redis_io_responder_bfd9bff2: b'Msg 23 from redis_io'
Sending to b'/queue/redis_io_services': b'Msg 12 from redis_i'...
Received by redis_io_responder_5b998099: b'Msg 12 from redis_io'
Sending to b'/queue/redis_io_services': b'Msg 24 from redis_i'...
Received by redis_io_responder_bfd9bff2: b'Msg 24 from redis_io'
Sending to b'/queue/redis_io_services': b'Msg 13 from redis_i'...
Received by redis_io_responder_5b998099: b'Msg 13 from redis_io'
Sending to b'/queue/redis_io_services': b'Msg 25 from redis_i'...
Received by redis_io_responder_bfd9bff2: b'Msg 25 from redis_io'
Sending to b'/queue/redis_io_services': b'Msg 14 from redis_i'...
Received by redis_io_responder_5b998099: b'Msg 14 from redis_io'
Sending to b'/queue/redis_io_services': b'Msg 26 from redis_i'...
Received by redis_io_responder_bfd9bff2: b'Msg 26 from redis_io'
Sending to b'/queue/redis_io_services': b'Msg 15 from redis_i'...
Received by redis_io_responder_5b998099: b'Msg 15 from redis_io'
Sending to b'/queue/redis_io_services': b'Msg 27 from redis_i'...
Received by redis_io_responder_bfd9bff2: b'Msg 27 from redis_io'
Sending to b'/queue/redis_io_services': b'Msg 16 from redis_i'...
Received by redis_io_responder_5b998099: b'Msg 16 from redis_io'
Sending to b'/queue/redis_io_services': b'Msg 28 from redis_i'...
Received by redis_io_responder_bfd9bff2: b'Msg 28 from redis_io'
Sending to b'/queue/redis_io_services': b'Msg 17 from redis_i'...
Received by redis_io_responder_5b998099: b'Msg 17 from redis_io'
Sending to b'/queue/redis_io_services': b'Msg 29 from redis_i'...
Received by redis_io_responder_bfd9bff2: b'Msg 29 from redis_io'
Sending to b'/queue/redis_io_services': b'Msg 18 from redis_i'...
Received by redis_io_responder_5b998099: b'Msg 18 from redis_io'
Sending to b'/queue/redis_io_services': b'Msg 30 from redis_i'...
Received by redis_io_responder_bfd9bff2: b'Msg 30 from redis_io'
Sending to b'/queue/redis_io_services': b'Msg 19 from redis_i'...
Received by redis_io_responder_5b998099: b'Msg 19 from redis_io'
Sending to b'/queue/redis_io_services': b'Msg 31 from redis_i'...
Received by redis_io_responder_bfd9bff2: b'Msg 31 from redis_io'
Sending to b'/queue/redis_io_services': b'Msg 20 from redis_i'...
Received by redis_io_responder_5b998099: b'Msg 20 from redis_io'
Sending to b'/queue/redis_io_services': b'Msg 32 from redis_i'...
Received by redis_io_responder_bfd9bff2: b'Msg 32 from redis_io'
Sending to b'/queue/redis_io_services': b'Msg 21 from redis_i'...
Received by redis_io_responder_5b998099: b'Msg 21 from redis_io'
Sending to b'/queue/redis_io_services': b'Msg 33 from redis_i'...
Received by redis_io_responder_bfd9bff2: b'Msg 33 from redis_io'
Sending to b'/queue/redis_io_services': b'Msg 22 from redis_i'...
Received by redis_io_responder_5b998099: b'Msg 22 from redis_io'
Sending to b'/queue/redis_io_services': b'Msg 34 from redis_i'...
Received by redis_io_responder_bfd9bff2: b'Msg 34 from redis_io'
Sending to b'/queue/redis_io_services': b'Msg 23 from redis_i'...
Received by redis_io_responder_5b998099: b'Msg 23 from redis_io'
Sending to b'/queue/redis_io_services': b'Msg 35 from redis_i'...
Received by redis_io_responder_bfd9bff2: b'Msg 35 from redis_io'
Sending to b'/queue/redis_io_services': b'Msg 24 from redis_i'...
Received by redis_io_responder_5b998099: b'Msg 24 from redis_io'
Sending to b'/queue/redis_io_services': b'Msg 36 from redis_i'...
Received by redis_io_responder_bfd9bff2: b'Msg 36 from redis_io'
Sending to b'/queue/redis_io_services': b'Msg 25 from redis_i'...
Received by redis_io_responder_5b998099: b'Msg 25 from redis_io'
Sending to b'/queue/redis_io_services': b'Msg 37 from redis_i'...
Received by redis_io_responder_bfd9bff2: b'Msg 37 from redis_io'
Sending to b'/queue/redis_io_services': b'Msg 26 from redis_i'...
Received by redis_io_responder_5b998099: b'Msg 26 from redis_io'
Sending to b'/queue/redis_io_services': b'Msg 38 from redis_i'...
Received by redis_io_responder_bfd9bff2: b'Msg 38 from redis_io'
Sending to b'/queue/redis_io_services': b'Msg 27 from redis_i'...
Received by redis_io_responder_5b998099: b'Msg 27 from redis_io'
Sending to b'/queue/redis_io_services': b'Msg 39 from redis_i'...
Received by redis_io_responder_bfd9bff2: b'Msg 39 from redis_io'
Sending to b'/queue/redis_io_services': b'Msg 28 from redis_i'...
Received by redis_io_responder_5b998099: b'Msg 28 from redis_io'
Sending to b'/queue/redis_io_services': b'Msg 40 from redis_i'...
Received by redis_io_responder_bfd9bff2: b'Msg 40 from redis_io'
Sending to b'/queue/redis_io_services': b'Msg 29 from redis_i'...
Received by redis_io_responder_5b998099: b'Msg 29 from redis_io'
Sending to b'/queue/redis_io_services': b'Msg 41 from redis_i'...
Received by redis_io_responder_bfd9bff2: b'Msg 41 from redis_io'
Sending to b'/queue/redis_io_services': b'Msg 30 from redis_i'...
Received by redis_io_responder_5b998099: b'Msg 30 from redis_io'
Sending to b'/queue/redis_io_services': b'Msg 42 from redis_i'...
Received by redis_io_responder_bfd9bff2: b'Msg 42 from redis_io'
Sending to b'/queue/redis_io_services': b'Msg 31 from redis_i'...
Received by redis_io_responder_5b998099: b'Msg 31 from redis_io'
Sending to b'/queue/redis_io_services': b'Msg 43 from redis_i'...
Received by redis_io_responder_bfd9bff2: b'Msg 43 from redis_io'
Sending to b'/queue/redis_io_services': b'Msg 32 from redis_i'...
Received by redis_io_responder_5b998099: b'Msg 32 from redis_io'
Sending to b'/queue/redis_io_services': b'Msg 44 from redis_i'...
Received by redis_io_responder_bfd9bff2: b'Msg 44 from redis_io'
Sending to b'/queue/redis_io_services': b'Msg 33 from redis_i'...
Received by redis_io_responder_5b998099: b'Msg 33 from redis_io'
Sending to b'/queue/redis_io_services': b'Msg 45 from redis_i'...
Received by redis_io_responder_bfd9bff2: b'Msg 45 from redis_io'
Sending to b'/queue/redis_io_services': b'Msg 34 from redis_i'...
Received by redis_io_responder_5b998099: b'Msg 34 from redis_io'
Sending to b'/queue/redis_io_services': b'Msg 46 from redis_i'...
Received by redis_io_responder_bfd9bff2: b'Msg 46 from redis_io'
Sending to b'/queue/redis_io_services': b'Msg 35 from redis_i'...
Received by redis_io_responder_5b998099: b'Msg 35 from redis_io'
Sending to b'/queue/redis_io_services': b'Msg 47 from redis_i'...
Received by redis_io_responder_bfd9bff2: b'Msg 47 from redis_io'
Sending to b'/queue/redis_io_services': b'Msg 36 from redis_i'...
Received by redis_io_responder_5b998099: b'Msg 36 from redis_io'
Sending to b'/queue/redis_io_services': b'Msg 48 from redis_i'...
Received by redis_io_responder_bfd9bff2: b'Msg 48 from redis_io'
Sending to b'/queue/redis_io_services': b'Msg 37 from redis_i'...
Received by redis_io_responder_5b998099: b'Msg 37 from redis_io'
Sending to b'/queue/redis_io_services': b'Msg 49 from redis_i'...
Received by redis_io_responder_bfd9bff2: b'Msg 49 from redis_io'
Sending to b'/queue/redis_io_services': b'Msg 38 from redis_i'...
Received by redis_io_responder_5b998099: b'Msg 38 from redis_io'
Sending to b'/queue/redis_io_services': b'Msg 50 from redis_i'...
Received by redis_io_responder_bfd9bff2: b'Msg 50 from redis_io'
Sending to b'/queue/redis_io_services': b'Msg 39 from redis_i'...
Received by redis_io_responder_5b998099: b'Msg 39 from redis_io'
Sending to b'/queue/redis_io_services': b'Msg 51 from redis_i'...
Received by redis_io_responder_bfd9bff2: b'Msg 51 from redis_io'
Sending to b'/queue/redis_io_services': b'Msg 40 from redis_i'...
Received by redis_io_responder_5b998099: b'Msg 40 from redis_io'
Sending to b'/queue/redis_io_services': b'Msg 52 from redis_i'...
Received by redis_io_responder_bfd9bff2: b'Msg 52 from redis_io'
Sending to b'/queue/redis_io_services': b'Msg 41 from redis_i'...
Received by redis_io_responder_5b998099: b'Msg 41 from redis_io'
Sending to b'/queue/redis_io_services': b'Msg 53 from redis_i'...
Received by redis_io_responder_bfd9bff2: b'Msg 53 from redis_io'
Sending to b'/queue/redis_io_services': b'Msg 42 from redis_i'...
Received by redis_io_responder_5b998099: b'Msg 42 from redis_io'
Sending to b'/queue/redis_io_services': b'Msg 54 from redis_i'...
Received by redis_io_responder_bfd9bff2: b'Msg 54 from redis_io'
Sending to b'/queue/redis_io_services': b'Msg 43 from redis_i'...
Received by redis_io_responder_5b998099: b'Msg 43 from redis_io'
Sending to b'/queue/redis_io_services': b'Msg 55 from redis_i'...
Received by redis_io_responder_bfd9bff2: b'Msg 55 from redis_io'
Sending to b'/queue/redis_io_services': b'Msg 44 from redis_i'...
Received by redis_io_responder_5b998099: b'Msg 44 from redis_io'
Sending to b'/queue/redis_io_services': b'Msg 56 from redis_i'...
Received by redis_io_responder_bfd9bff2: b'Msg 56 from redis_io'
Sending to b'/queue/redis_io_services': b'Msg 45 from redis_i'...
Received by redis_io_responder_5b998099: b'Msg 45 from redis_io'
Sending to b'/queue/redis_io_services': b'Msg 57 from redis_i'...
Received by redis_io_responder_bfd9bff2: b'Msg 57 from redis_io'
Sending to b'/queue/redis_io_services': b'Msg 46 from redis_i'...
Received by redis_io_responder_5b998099: b'Msg 46 from redis_io'
Sending to b'/queue/redis_io_services': b'Msg 58 from redis_i'...
Received by redis_io_responder_bfd9bff2: b'Msg 58 from redis_io'
Sending to b'/queue/redis_io_services': b'Msg 47 from redis_i'...
Received by redis_io_responder_5b998099: b'Msg 47 from redis_io'
Sending to b'/queue/redis_io_services': b'Msg 59 from redis_i'...
Received by redis_io_responder_bfd9bff2: b'Msg 59 from redis_io'
Sending to b'/queue/redis_io_services': b'Msg 48 from redis_i'...
Received by redis_io_responder_5b998099: b'Msg 48 from redis_io'
Sending to b'/queue/redis_io_services': b'Msg 60 from redis_i'...
Received by redis_io_responder_bfd9bff2: b'Msg 60 from redis_io'
Sending to b'/queue/redis_io_services': b'Msg 49 from redis_i'...
Received by redis_io_responder_5b998099: b'Msg 49 from redis_io'
Sending to b'/queue/redis_io_services': b'Msg 61 from redis_i'...
Received by redis_io_responder_bfd9bff2: b'Msg 61 from redis_io'
Sending to b'/queue/redis_io_services': b'Msg 50 from redis_i'...
Received by redis_io_responder_5b998099: b'Msg 50 from redis_io'
Sending to b'/queue/redis_io_services': b'Msg 62 from redis_i'...
Received by redis_io_responder_bfd9bff2: b'Msg 62 from redis_io'
Sending to b'/queue/redis_io_services': b'Msg 51 from redis_i'...
Received by redis_io_responder_5b998099: b'Msg 51 from redis_io'
Sending to b'/queue/redis_io_services': b'Msg 63 from redis_i'...
Received by redis_io_responder_bfd9bff2: b'Msg 63 from redis_io'
Sending to b'/queue/redis_io_services': b'Msg 52 from redis_i'...
Received by redis_io_responder_5b998099: b'Msg 52 from redis_io'
Sending to b'/queue/redis_io_services': b'Msg 64 from redis_i'...
Received by redis_io_responder_bfd9bff2: b'Msg 64 from redis_io'
Sending to b'/queue/redis_io_services': b'Msg 53 from redis_i'...
Received by redis_io_responder_5b998099: b'Msg 53 from redis_io'
Sending to b'/queue/redis_io_services': b'Msg 65 from redis_i'...
Received by redis_io_responder_bfd9bff2: b'Msg 65 from redis_io'
Sending to b'/queue/redis_io_services': b'Msg 54 from redis_i'...
Received by redis_io_responder_5b998099: b'Msg 54 from redis_io'
Sending to b'/queue/redis_io_services': b'Msg 66 from redis_i'...
Received by redis_io_responder_bfd9bff2: b'Msg 66 from redis_io'
Sending to b'/queue/redis_io_services': b'Msg 55 from redis_i'...
Received by redis_io_responder_5b998099: b'Msg 55 from redis_io'
Sending to b'/queue/redis_io_services': b'Msg 67 from redis_i'...
Received by redis_io_responder_bfd9bff2: b'Msg 67 from redis_io'
Sending to b'/queue/redis_io_services': b'Msg 56 from redis_i'...
Received by redis_io_responder_5b998099: b'Msg 56 from redis_io'
Sending to b'/queue/redis_io_services': b'Msg 68 from redis_i'...
Received by redis_io_responder_bfd9bff2: b'Msg 68 from redis_io'
Sending to b'/queue/redis_io_services': b'Msg 57 from redis_i'...
Received by redis_io_responder_5b998099: b'Msg 57 from redis_io'
Sending to b'/queue/redis_io_services': b'Msg 69 from redis_i'...
Received by redis_io_responder_bfd9bff2: b'Msg 69 from redis_io'
Sending to b'/queue/redis_io_services': b'Msg 58 from redis_i'...
Received by redis_io_responder_5b998099: b'Msg 58 from redis_io'
Sending to b'/queue/redis_io_services': b'Msg 70 from redis_i'...
Received by redis_io_responder_bfd9bff2: b'Msg 70 from redis_io'
Sending to b'/queue/redis_io_services': b'Msg 59 from redis_i'...
Received by redis_io_responder_5b998099: b'Msg 59 from redis_io'
Sending to b'/queue/redis_io_services': b'Msg 71 from redis_i'...
Received by redis_io_responder_bfd9bff2: b'Msg 71 from redis_io'
Sending to b'/queue/redis_io_services': b'Msg 60 from redis_i'...
Received by redis_io_responder_5b998099: b'Msg 60 from redis_io'
Sending to b'/queue/redis_io_services': b'Msg 72 from redis_i'...
Received by redis_io_responder_bfd9bff2: b'Msg 72 from redis_io'
Sending to b'/queue/redis_io_services': b'Msg 61 from redis_i'...
Received by redis_io_responder_5b998099: b'Msg 61 from redis_io'
Sending to b'/queue/redis_io_services': b'Msg 73 from redis_i'...
Received by redis_io_responder_bfd9bff2: b'Msg 73 from redis_io'
Sending to b'/queue/redis_io_services': b'Msg 62 from redis_i'...
Received by redis_io_responder_5b998099: b'Msg 62 from redis_io'
Sending to b'/queue/redis_io_services': b'Msg 74 from redis_i'...
Received by redis_io_responder_bfd9bff2: b'Msg 74 from redis_io'
Sending to b'/queue/redis_io_services': b'Msg 63 from redis_i'...
Received by redis_io_responder_5b998099: b'Msg 63 from redis_io'
Sending to b'/queue/redis_io_services': b'Msg 75 from redis_i'...
Received by redis_io_responder_bfd9bff2: b'Msg 75 from redis_io'
Sending to b'/queue/redis_io_services': b'Msg 64 from redis_i'...
Received by redis_io_responder_5b998099: b'Msg 64 from redis_io'
Sending to b'/queue/redis_io_services': b'Msg 76 from redis_i'...
Received by redis_io_responder_bfd9bff2: b'Msg 76 from redis_io'
Sending to b'/queue/redis_io_services': b'Msg 65 from redis_i'...
Received by redis_io_responder_5b998099: b'Msg 65 from redis_io'
Sending to b'/queue/redis_io_services': b'Msg 77 from redis_i'...
Received by redis_io_responder_bfd9bff2: b'Msg 77 from redis_io'
Sending to b'/queue/redis_io_services': b'Msg 66 from redis_i'...
Received by redis_io_responder_5b998099: b'Msg 66 from redis_io'
Sending to b'/queue/redis_io_services': b'Msg 78 from redis_i'...
Received by redis_io_responder_bfd9bff2: b'Msg 78 from redis_io'
Sending to b'/queue/redis_io_services': b'Msg 67 from redis_i'...
Received by redis_io_responder_5b998099: b'Msg 67 from redis_io'
Sending to b'/queue/redis_io_services': b'Msg 79 from redis_i'...
Received by redis_io_responder_bfd9bff2: b'Msg 79 from redis_io'
Sending to b'/queue/redis_io_services': b'Msg 68 from redis_i'...
Received by redis_io_responder_5b998099: b'Msg 68 from redis_io'
Sending to b'/queue/redis_io_services': b'Msg 80 from redis_i'...
Received by redis_io_responder_bfd9bff2: b'Msg 80 from redis_io'
Sending to b'/queue/redis_io_services': b'Msg 69 from redis_i'...
Received by redis_io_responder_5b998099: b'Msg 69 from redis_io'
Sending to b'/queue/redis_io_services': b'Msg 81 from redis_i'...
Received by redis_io_responder_bfd9bff2: b'Msg 81 from redis_io'
Sending to b'/queue/redis_io_services': b'Msg 70 from redis_i'...
Received by redis_io_responder_5b998099: b'Msg 70 from redis_io'
Sending to b'/queue/redis_io_services': b'Msg 82 from redis_i'...
Received by redis_io_responder_bfd9bff2: b'Msg 82 from redis_io'
Sending to b'/queue/redis_io_services': b'Msg 71 from redis_i'...
Received by redis_io_responder_5b998099: b'Msg 71 from redis_io'
Sending to b'/queue/redis_io_services': b'Msg 83 from redis_i'...
Received by redis_io_responder_bfd9bff2: b'Msg 83 from redis_io'
Sending to b'/queue/redis_io_services': b'Msg 72 from redis_i'...
Received by redis_io_responder_5b998099: b'Msg 72 from redis_io'
Sending to b'/queue/redis_io_services': b'Msg 84 from redis_i'...
Received by redis_io_responder_bfd9bff2: b'Msg 84 from redis_io'
Sending to b'/queue/redis_io_services': b'Msg 73 from redis_i'...
Received by redis_io_responder_5b998099: b'Msg 73 from redis_io'
Sending to b'/queue/redis_io_services': b'Msg 85 from redis_i'...
Received by redis_io_responder_bfd9bff2: b'Msg 85 from redis_io'
Sending to b'/queue/redis_io_services': b'Msg 74 from redis_i'...
Received by redis_io_responder_5b998099: b'Msg 74 from redis_io'
Sending to b'/queue/redis_io_services': b'Msg 86 from redis_i'...
Received by redis_io_responder_bfd9bff2: b'Msg 86 from redis_io'
Sending to b'/queue/redis_io_services': b'Msg 75 from redis_i'...
Received by redis_io_responder_5b998099: b'Msg 75 from redis_io'
Sending to b'/queue/redis_io_services': b'Msg 87 from redis_i'...
Received by redis_io_responder_bfd9bff2: b'Msg 87 from redis_io'
Sending to b'/queue/redis_io_services': b'Msg 76 from redis_i'...
Received by redis_io_responder_5b998099: b'Msg 76 from redis_io'
Sending to b'/queue/redis_io_services': b'Msg 88 from redis_i'...
Received by redis_io_responder_bfd9bff2: b'Msg 88 from redis_io'
Sending to b'/queue/redis_io_services': b'Msg 77 from redis_i'...
Received by redis_io_responder_5b998099: b'Msg 77 from redis_io'
Sending to b'/queue/redis_io_services': b'Msg 89 from redis_i'...
Received by redis_io_responder_bfd9bff2: b'Msg 89 from redis_io'
Sending to b'/queue/redis_io_services': b'Msg 78 from redis_i'...
Received by redis_io_responder_5b998099: b'Msg 78 from redis_io'
Sending to b'/queue/redis_io_services': b'Msg 90 from redis_i'...
Received by redis_io_responder_bfd9bff2: b'Msg 90 from redis_io'
Sending to b'/queue/redis_io_services': b'Msg 79 from redis_i'...
Received by redis_io_responder_5b998099: b'Msg 79 from redis_io'
Sending to b'/queue/redis_io_services': b'Msg 91 from redis_i'...
Received by redis_io_responder_bfd9bff2: b'Msg 91 from redis_io'
Sending to b'/queue/redis_io_services': b'Msg 80 from redis_i'...
Received by redis_io_responder_5b998099: b'Msg 80 from redis_io'
Sending to b'/queue/redis_io_services': b'Msg 92 from redis_i'...
Received by redis_io_responder_bfd9bff2: b'Msg 92 from redis_io'
Sending to b'/queue/redis_io_services': b'Msg 81 from redis_i'...
Received by redis_io_responder_5b998099: b'Msg 81 from redis_io'
Sending to b'/queue/redis_io_services': b'Msg 93 from redis_i'...
Received by redis_io_responder_bfd9bff2: b'Msg 93 from redis_io'
Sending to b'/queue/redis_io_services': b'Msg 82 from redis_i'...
Received by redis_io_responder_5b998099: b'Msg 82 from redis_io'
Sending to b'/queue/redis_io_services': b'Msg 94 from redis_i'...
Received by redis_io_responder_bfd9bff2: b'Msg 94 from redis_io'
Sending to b'/queue/redis_io_services': b'Msg 83 from redis_i'...
Received by redis_io_responder_5b998099: b'Msg 83 from redis_io'
Sending to b'/queue/redis_io_services': b'Msg 95 from redis_i'...
Received by redis_io_responder_bfd9bff2: b'Msg 95 from redis_io'
Sending to b'/queue/redis_io_services': b'Msg 84 from redis_i'...
Received by redis_io_responder_5b998099: b'Msg 84 from redis_io'
Sending to b'/queue/redis_io_services': b'Msg 96 from redis_i'...
Received by redis_io_responder_bfd9bff2: b'Msg 96 from redis_io'
Sending to b'/queue/redis_io_services': b'Msg 85 from redis_i'...
Received by redis_io_responder_5b998099: b'Msg 85 from redis_io'
Sending to b'/queue/redis_io_services': b'Msg 97 from redis_i'...
Received by redis_io_responder_bfd9bff2: b'Msg 97 from redis_io'
Sending to b'/queue/redis_io_services': b'Msg 86 from redis_i'...
Received by redis_io_responder_5b998099: b'Msg 86 from redis_io'
Sending to b'/queue/redis_io_services': b'Msg 98 from redis_i'...
Received by redis_io_responder_bfd9bff2: b'Msg 98 from redis_io'
Sending to b'/queue/redis_io_services': b'Msg 87 from redis_i'...
Received by redis_io_responder_5b998099: b'Msg 87 from redis_io'
Sending to b'/queue/redis_io_services': b'Msg 99 from redis_i'...
Received by redis_io_responder_bfd9bff2: b'Msg 99 from redis_io'
Sending to b'/queue/redis_io_services': b'Msg 88 from redis_i'...
Received by redis_io_responder_5b998099: b'Msg 88 from redis_io'
Sending to b'/queue/redis_io_services': b'Msg 100 from redis_'...
Received by redis_io_responder_bfd9bff2: b'Msg 100 from redis_i'
Sending to b'/queue/redis_io_services': b'Msg 89 from redis_i'...
Received by redis_io_responder_5b998099: b'Msg 89 from redis_io'
Sending to b'/queue/redis_io_services': b'Msg 101 from redis_'...
Received by redis_io_responder_bfd9bff2: b'Msg 101 from redis_i'
Sending to b'/queue/redis_io_services': b'Msg 90 from redis_i'...
Received by redis_io_responder_5b998099: b'Msg 90 from redis_io'
Sending to b'/queue/redis_io_services': b'Msg 102 from redis_'...
Received by redis_io_responder_bfd9bff2: b'Msg 102 from redis_i'
Sending to b'/queue/redis_io_services': b'Msg 91 from redis_i'...
Received by redis_io_responder_5b998099: b'Msg 91 from redis_io'
Sending to b'/queue/redis_io_services': b'Msg 103 from redis_'...
Received by redis_io_responder_bfd9bff2: b'Msg 103 from redis_i'
Sending to b'/queue/redis_io_services': b'Msg 92 from redis_i'...
Received by redis_io_responder_5b998099: b'Msg 92 from redis_io'
Sending to b'/queue/redis_io_services': b'Msg 104 from redis_'...
Received by redis_io_responder_bfd9bff2: b'Msg 104 from redis_i'
Sending to b'/queue/redis_io_services': b'Msg 93 from redis_i'...
Received by redis_io_responder_5b998099: b'Msg 93 from redis_io'
Sending to b'/queue/redis_io_services': b'Msg 105 from redis_'...
Received by redis_io_responder_bfd9bff2: b'Msg 105 from redis_i'
Sending to b'/queue/redis_io_services': b'Msg 94 from redis_i'...
Received by redis_io_responder_5b998099: b'Msg 94 from redis_io'
Sending to b'/queue/redis_io_services': b'Msg 106 from redis_'...
Received by redis_io_responder_bfd9bff2: b'Msg 106 from redis_i'
Sending to b'/queue/redis_io_services': b'Msg 95 from redis_i'...
Received by redis_io_responder_5b998099: b'Msg 95 from redis_io'
Server closed.
Server closed.
Connection ended.
('data sent to bow_serde: ',
 {'fields': {'channel': 'redis_io',
             'namespace': 'net.genuinemerit.schema',
             'plan_ty': 'put',
             'service_ty': 'request',
             'store': 'redis',
             'topic': 'ontology_file'},
  'name': 'redis.schema.put.request',
  'namespace': 'net.genuinemerit.schema',
  'type': 'record'})
('js version of msg: ',
 '{"type": "record", "name": "redis.schema.put.request", "namespace": '
 '"net.genuinemerit.schema", "fields": {"namespace": '
 '"net.genuinemerit.schema", "store": "redis", "channel": "redis_io", "topic": '
 '"ontology_file", "plan_ty": "put", "service_ty": "request"}}')
Connection ended.
Connection ended.
('data sent to bow_serde: ',
 {'fields': {'channel': 'redis_io',
             'namespace': 'net.genuinemerit.schema',
             'plan_ty': 'put',
             'service_ty': 'request',
             'store': 'redis',
             'topic': 'ontology_file'},
  'name': 'redis.schema.put.request',
  'namespace': 'net.genuinemerit.schema',
  'type': 'record'})
('js version of msg: ',
 '{"type": "record", "name": "redis.schema.put.request", "namespace": '
 '"net.genuinemerit.schema", "fields": {"namespace": '
 '"net.genuinemerit.schema", "store": "redis", "channel": "redis_io", "topic": '
 '"ontology_file", "plan_ty": "put", "service_ty": "request"}}')
Connection ended.
Traceback (most recent call last):
  File "/home/dave/Dropbox/Apps/BoW/bow-data-schema/BowDataSchema/redis_response.py", line 99, in <module>
    asyncio.run(main(parser.parse_args()))
  File "/usr/lib/python3.9/asyncio/runners.py", line 44, in run
    return loop.run_until_complete(main)
  File "/usr/lib/python3.9/asyncio/base_events.py", line 642, in run_until_complete
    return future.result()
  File "/home/dave/Dropbox/Apps/BoW/bow-data-schema/BowDataSchema/redis_response.py", line 39, in main
    reader, writer = await asyncio.open_connection(
  File "/usr/lib/python3.9/asyncio/streams.py", line 52, in open_connection
    transport, _ = await loop.create_connection(
  File "/usr/lib/python3.9/asyncio/base_events.py", line 1056, in create_connection
    raise exceptions[0]
  File "/usr/lib/python3.9/asyncio/base_events.py", line 1041, in create_connection
    sock = await self._connect_sock(
  File "/usr/lib/python3.9/asyncio/base_events.py", line 955, in _connect_sock
    await self.sock_connect(sock, address)
  File "/usr/lib/python3.9/asyncio/selector_events.py", line 502, in sock_connect
    return await fut
  File "/usr/lib/python3.9/asyncio/selector_events.py", line 537, in _sock_connect_cb
    raise OSError(err, f'Connect call failed {address}')
ConnectionRefusedError: [Errno 111] Connect call failed ('127.0.1.1', 52020)
Requestor: redis_io_requestor_8247219c | Socket: ('127.0.0.1', 35518) | Host: curwen:52020
Remote ('127.0.0.1', 35518) subscribed to b'/null'
Sending to b'/queue/redis_io_services': b'Msg 0 from redis_io'...
Sending to b'/queue/redis_io_services': b'Msg 1 from redis_io'...
Sending to b'/queue/redis_io_services': b'Msg 2 from redis_io'...
Sending to b'/queue/redis_io_services': b'Msg 3 from redis_io'...
Sending to b'/queue/redis_io_services': b'Msg 4 from redis_io'...
Connection ended.
('data sent to bow_serde: ',
 {'fields': {'channel': 'redis_io',
             'namespace': 'net.genuinemerit.schema',
             'plan_ty': 'get',
             'service_ty': 'subscribe',
             'store': 'redis',
             'topic': 'ontology_file'},
  'name': 'redis.schema.put.request',
  'namespace': 'net.genuinemerit.schema',
  'type': 'record'})
('js version of msg: ',
 '{"type": "record", "name": "redis.schema.put.request", "namespace": '
 '"net.genuinemerit.schema", "fields": {"namespace": '
 '"net.genuinemerit.schema", "store": "redis", "channel": "redis_io", "topic": '
 '"ontology_file", "plan_ty": "get", "service_ty": "subscribe"}}')
Connection ended.
Responder: redis_io_responder_75dc278d | Socket: ('127.0.0.1', 35520) | Host: curwen:52020
Remote ('127.0.0.1', 35520) subscribed to b'/queue/redis_io_services'
Requestor: redis_io_requestor_28ca727b | Socket: ('127.0.0.1', 35522) | Host: curwen:52020
Remote ('127.0.0.1', 35522) subscribed to b'/null'
Sending to b'/queue/redis_io_services': b'Msg 0 from redis_io'...
Received by redis_io_responder_75dc278d: b'Msg 0 from redis_io_'
Sending to b'/queue/redis_io_services': b'Msg 1 from redis_io'...
Received by redis_io_responder_75dc278d: b'Msg 1 from redis_io_'
Sending to b'/queue/redis_io_services': b'Msg 2 from redis_io'...
Received by redis_io_responder_75dc278d: b'Msg 2 from redis_io_'
Sending to b'/queue/redis_io_services': b'Msg 3 from redis_io'...
Received by redis_io_responder_75dc278d: b'Msg 3 from redis_io_'
Sending to b'/queue/redis_io_services': b'Msg 4 from redis_io'...
Received by redis_io_responder_75dc278d: b'Msg 4 from redis_io_'
Sending to b'/queue/redis_io_services': b'Msg 5 from redis_io'...
Received by redis_io_responder_75dc278d: b'Msg 5 from redis_io_'
Sending to b'/queue/redis_io_services': b'Msg 6 from redis_io'...
Received by redis_io_responder_75dc278d: b'Msg 6 from redis_io_'
Sending to b'/queue/redis_io_services': b'Msg 7 from redis_io'...
Received by redis_io_responder_75dc278d: b'Msg 7 from redis_io_'
Sending to b'/queue/redis_io_services': b'Msg 8 from redis_io'...
Received by redis_io_responder_75dc278d: b'Msg 8 from redis_io_'
Sending to b'/queue/redis_io_services': b'Msg 9 from redis_io'...
Received by redis_io_responder_75dc278d: b'Msg 9 from redis_io_'
Sending to b'/queue/redis_io_services': b'Msg 10 from redis_i'...
Received by redis_io_responder_75dc278d: b'Msg 10 from redis_io'
Sending to b'/queue/redis_io_services': b'Msg 11 from redis_i'...
Received by redis_io_responder_75dc278d: b'Msg 11 from redis_io'
Server closed.
Connection ended.
('data sent to bow_serde: ',
 {'fields': {'channel': 'redis_io',
             'namespace': 'net.genuinemerit.schema',
             'plan_ty': 'put',
             'service_ty': 'request',
             'store': 'redis',
             'topic': 'ontology_file'},
  'name': 'redis.schema.put.request',
  'namespace': 'net.genuinemerit.schema',
  'type': 'record'})
('js version of msg: ',
 '{"type": "record", "name": "redis.schema.put.request", "namespace": '
 '"net.genuinemerit.schema", "fields": {"namespace": '
 '"net.genuinemerit.schema", "store": "redis", "channel": "redis_io", "topic": '
 '"ontology_file", "plan_ty": "put", "service_ty": "request"}}')
Connection ended.
Responder: redis_io_responder_66edb6aa | Socket: ('127.0.0.1', 35524) | Host: curwen:52020
Requestor: redis_io_requestor_09968ea4 | Socket: ('127.0.0.1', 35526) | Host: curwen:52020
Remote ('127.0.0.1', 35524) subscribed to b'/queue/redis_io_services'
Remote ('127.0.0.1', 35526) subscribed to b'/null'
Sending to b'/queue/redis_io_services': b'Msg 0 from redis_io'...
Received by redis_io_responder_66edb6aa: b'Msg 0 from redis_io_'
Sending to b'/queue/redis_io_services': b'Msg 1 from redis_io'...
Received by redis_io_responder_66edb6aa: b'Msg 1 from redis_io_'
Sending to b'/queue/redis_io_services': b'Msg 2 from redis_io'...
Received by redis_io_responder_66edb6aa: b'Msg 2 from redis_io_'
Sending to b'/queue/redis_io_services': b'Msg 3 from redis_io'...
Received by redis_io_responder_66edb6aa: b'Msg 3 from redis_io_'
Sending to b'/queue/redis_io_services': b'Msg 4 from redis_io'...
Received by redis_io_responder_66edb6aa: b'Msg 4 from redis_io_'
Sending to b'/queue/redis_io_services': b'Msg 5 from redis_io'...
Received by redis_io_responder_66edb6aa: b'Msg 5 from redis_io_'
Sending to b'/queue/redis_io_services': b'Msg 6 from redis_io'...
Received by redis_io_responder_66edb6aa: b'Msg 6 from redis_io_'
Sending to b'/queue/redis_io_services': b'Msg 7 from redis_io'...
Received by redis_io_responder_66edb6aa: b'Msg 7 from redis_io_'
Server closed.
Connection ended.
('data sent to bow_serde: ',
 {'fields': {'channel': 'redis_io',
             'namespace': 'net.genuinemerit.schema',
             'plan_ty': 'remove',
             'service_ty': 'request',
             'store': 'redis',
             'topic': 'ontology_file'},
  'name': 'redis.schema.put.request',
  'namespace': 'net.genuinemerit.schema',
  'type': 'record'})
('js version of msg: ',
 '{"type": "record", "name": "redis.schema.put.request", "namespace": '
 '"net.genuinemerit.schema", "fields": {"namespace": '
 '"net.genuinemerit.schema", "store": "redis", "channel": "redis_io", "topic": '
 '"ontology_file", "plan_ty": "remove", "service_ty": "request"}}')
Connection ended.
Responder: redis_io_responder_0991850d | Socket: ('127.0.0.1', 35802) | Host: curwen:52020
Remote ('127.0.0.1', 35802) subscribed to b'/queue/redis_io_services'
Requestor: redis_io_requestor_f870c8ee | Socket: ('127.0.0.1', 35804) | Host: curwen:52020
Remote ('127.0.0.1', 35804) subscribed to b'/null'
Sending to b'/queue/redis_io_services': b'Msg 0 from redis_io'...
Received by redis_io_responder_0991850d: b'Msg 0 from redis_io_'
Sending to b'/queue/redis_io_services': b'Msg 1 from redis_io'...
Received by redis_io_responder_0991850d: b'Msg 1 from redis_io_'
Sending to b'/queue/redis_io_services': b'Msg 2 from redis_io'...
Received by redis_io_responder_0991850d: b'Msg 2 from redis_io_'
Sending to b'/queue/redis_io_services': b'Msg 3 from redis_io'...
Received by redis_io_responder_0991850d: b'Msg 3 from redis_io_'
Sending to b'/queue/redis_io_services': b'Msg 4 from redis_io'...
Received by redis_io_responder_0991850d: b'Msg 4 from redis_io_'
Server closed.
Connection ended.
('data sent to bow_serde: ',
 {'fields': {'channel': 'redis_io',
             'namespace': 'net.genuinemerit.schema',
             'plan_ty': 'get',
             'service_ty': 'subscribe',
             'store': 'redis',
             'topic': 'ontology_file'},
  'name': 'redis.schema.put.request',
  'namespace': 'net.genuinemerit.schema',
  'type': 'record'})
('js version of msg: ',
 '{"type": "record", "name": "redis.schema.put.request", "namespace": '
 '"net.genuinemerit.schema", "fields": {"namespace": '
 '"net.genuinemerit.schema", "store": "redis", "channel": "redis_io", "topic": '
 '"ontology_file", "plan_ty": "get", "service_ty": "subscribe"}}')
Connection ended.
